<?xml version="1.0" encoding="UTF-8"?>
<!-- Generated by org.testng.reporters.JUnitReportReporter -->
<testsuite skipped="0" hostname="rnr_25" name="com.qa.test.PostAPITest" tests="1" failures="0" timestamp="11 Jan 2019 13:50:27 GMT" time="3.094" errors="0">
  <testcase name="postAPITest" time="3.094" classname="com.qa.test.PostAPITest"/>
</testsuite> <!-- com.qa.test.PostAPITest -->
