<?xml version="1.0" encoding="UTF-8"?>
<!-- Generated by org.testng.reporters.JUnitReportReporter -->
<testsuite skipped="0" hostname="rnr_25" name="com.qa.test.GetAPITest" tests="2" failures="0" timestamp="11 Feb 2019 07:25:27 GMT" time="5.802" errors="0">
  <testcase name="getAPITestWithoutHeaders" time="4.712" classname="com.qa.test.GetAPITest"/>
  <testcase name="getAPITestWithHeaders" time="1.090" classname="com.qa.test.GetAPITest"/>
</testsuite> <!-- com.qa.test.GetAPITest -->
